
error: Item validation failed: item: Cast to ObjectID failed for value "" at path "item", price: Path `price` is required., qty: Path `qty` is required., expire: Path `expire` is required. {"errors":{"item":{"message":"Cast to ObjectID failed for value \"\" at path \"item\"","name":"CastError","stringValue":"\"\"","kind":"ObjectID","value":"","path":"item","reason":{"message":"Cast to ObjectId failed for value \"\" at path \"item\"","name":"CastError","stringValue":"\"\"","kind":"ObjectId","value":"","path":"item"}},"price":{"message":"Path `price` is required.","name":"ValidatorError","properties":{"message":"Path `price` is required.","type":"required","path":"price","value":null},"kind":"required","path":"price","value":null},"qty":{"message":"Path `qty` is required.","name":"ValidatorError","properties":{"message":"Path `qty` is required.","type":"required","path":"qty","value":null},"kind":"required","path":"qty","value":null},"expire":{"message":"Path `expire` is required.","name":"ValidatorError","properties":{"message":"Path `expire` is required.","type":"required","path":"expire","value":null},"kind":"required","path":"expire","value":null}},"_message":"Item validation failed","name":"ValidationError"}
error: Item validation failed: item: Cast to ObjectID failed for value "" at path "item", price: Path `price` is required., qty: Path `qty` is required., expire: Path `expire` is required. {"errors":{"item":{"message":"Cast to ObjectID failed for value \"\" at path \"item\"","name":"CastError","stringValue":"\"\"","kind":"ObjectID","value":"","path":"item","reason":{"message":"Cast to ObjectId failed for value \"\" at path \"item\"","name":"CastError","stringValue":"\"\"","kind":"ObjectId","value":"","path":"item"}},"price":{"message":"Path `price` is required.","name":"ValidatorError","properties":{"message":"Path `price` is required.","type":"required","path":"price","value":null},"kind":"required","path":"price","value":null},"qty":{"message":"Path `qty` is required.","name":"ValidatorError","properties":{"message":"Path `qty` is required.","type":"required","path":"qty","value":null},"kind":"required","path":"qty","value":null},"expire":{"message":"Path `expire` is required.","name":"ValidatorError","properties":{"message":"Path `expire` is required.","type":"required","path":"expire","value":null},"kind":"required","path":"expire","value":null}},"_message":"Item validation failed","name":"ValidationError"}
error: Item validation failed: price: Path `price` is required., qty: Path `qty` is required., expire: Path `expire` is required. {"errors":{"price":{"message":"Path `price` is required.","name":"ValidatorError","properties":{"message":"Path `price` is required.","type":"required","path":"price","value":null},"kind":"required","path":"price","value":null},"qty":{"message":"Path `qty` is required.","name":"ValidatorError","properties":{"message":"Path `qty` is required.","type":"required","path":"qty","value":null},"kind":"required","path":"qty","value":null},"expire":{"message":"Path `expire` is required.","name":"ValidatorError","properties":{"message":"Path `expire` is required.","type":"required","path":"expire","value":null},"kind":"required","path":"expire","value":null}},"_message":"Item validation failed","name":"ValidationError"}
error: Item validation failed: price: Path `price` is required., qty: Path `qty` is required., expire: Path `expire` is required. {"errors":{"price":{"message":"Path `price` is required.","name":"ValidatorError","properties":{"message":"Path `price` is required.","type":"required","path":"price","value":null},"kind":"required","path":"price","value":null},"qty":{"message":"Path `qty` is required.","name":"ValidatorError","properties":{"message":"Path `qty` is required.","type":"required","path":"qty","value":null},"kind":"required","path":"qty","value":null},"expire":{"message":"Path `expire` is required.","name":"ValidatorError","properties":{"message":"Path `expire` is required.","type":"required","path":"expire","value":null},"kind":"required","path":"expire","value":null}},"_message":"Item validation failed","name":"ValidationError"}
error: Item validation failed: price: Path `price` is required., qty: Path `qty` is required., expire: Path `expire` is required. {"errors":{"price":{"message":"Path `price` is required.","name":"ValidatorError","properties":{"message":"Path `price` is required.","type":"required","path":"price","value":null},"kind":"required","path":"price","value":null},"qty":{"message":"Path `qty` is required.","name":"ValidatorError","properties":{"message":"Path `qty` is required.","type":"required","path":"qty","value":null},"kind":"required","path":"qty","value":null},"expire":{"message":"Path `expire` is required.","name":"ValidatorError","properties":{"message":"Path `expire` is required.","type":"required","path":"expire","value":null},"kind":"required","path":"expire","value":null}},"_message":"Item validation failed","name":"ValidationError"}
error: Item validation failed: price: Path `price` is required., qty: Path `qty` is required., expire: Path `expire` is required. {"errors":{"price":{"message":"Path `price` is required.","name":"ValidatorError","properties":{"message":"Path `price` is required.","type":"required","path":"price","value":null},"kind":"required","path":"price","value":null},"qty":{"message":"Path `qty` is required.","name":"ValidatorError","properties":{"message":"Path `qty` is required.","type":"required","path":"qty","value":null},"kind":"required","path":"qty","value":null},"expire":{"message":"Path `expire` is required.","name":"ValidatorError","properties":{"message":"Path `expire` is required.","type":"required","path":"expire","value":null},"kind":"required","path":"expire","value":null}},"_message":"Item validation failed","name":"ValidationError"}
error: Item validation failed: price: Path `price` is required., qty: Path `qty` is required., expire: Path `expire` is required. {"errors":{"price":{"message":"Path `price` is required.","name":"ValidatorError","properties":{"message":"Path `price` is required.","type":"required","path":"price","value":null},"kind":"required","path":"price","value":null},"qty":{"message":"Path `qty` is required.","name":"ValidatorError","properties":{"message":"Path `qty` is required.","type":"required","path":"qty","value":null},"kind":"required","path":"qty","value":null},"expire":{"message":"Path `expire` is required.","name":"ValidatorError","properties":{"message":"Path `expire` is required.","type":"required","path":"expire","value":null},"kind":"required","path":"expire","value":null}},"_message":"Item validation failed","name":"ValidationError"}
error: Item validation failed: price: Path `price` is required., qty: Path `qty` is required., expire: Path `expire` is required. {"errors":{"price":{"message":"Path `price` is required.","name":"ValidatorError","properties":{"message":"Path `price` is required.","type":"required","path":"price","value":null},"kind":"required","path":"price","value":null},"qty":{"message":"Path `qty` is required.","name":"ValidatorError","properties":{"message":"Path `qty` is required.","type":"required","path":"qty","value":null},"kind":"required","path":"qty","value":null},"expire":{"message":"Path `expire` is required.","name":"ValidatorError","properties":{"message":"Path `expire` is required.","type":"required","path":"expire","value":null},"kind":"required","path":"expire","value":null}},"_message":"Item validation failed","name":"ValidationError"}
error: Item validation failed: expire: Path `expire` is required. {"errors":{"expire":{"message":"Path `expire` is required.","name":"ValidatorError","properties":{"message":"Path `expire` is required.","type":"required","path":"expire","value":null},"kind":"required","path":"expire","value":null}},"_message":"Item validation failed","name":"ValidationError"}
error: uncaughtException: Missing catch or finally after try
F:\agrofresh\controllers\profile.js:37
    }
    ^

SyntaxError: Missing catch or finally after try
    at createScript (vm.js:80:10)
    at Object.runInThisContext (vm.js:139:10)
    at Module._compile (module.js:616:28)
    at Object.Module._extensions..js (module.js:663:10)
    at Module.load (module.js:565:32)
    at tryModuleLoad (module.js:505:12)
    at Function.Module._load (module.js:497:3)
    at Module.require (module.js:596:17)
    at require (internal/module.js:11:18)
    at Object.<anonymous> (F:\agrofresh\urls\profile.js:5:20)
    at Module._compile (module.js:652:30)
    at Object.Module._extensions..js (module.js:663:10)
    at Module.load (module.js:565:32)
    at tryModuleLoad (module.js:505:12)
    at Function.Module._load (module.js:497:3)
    at Module.require (module.js:596:17) {"error":{},"stack":"F:\\agrofresh\\controllers\\profile.js:37\n    }\n    ^\n\nSyntaxError: Missing catch or finally after try\n    at createScript (vm.js:80:10)\n    at Object.runInThisContext (vm.js:139:10)\n    at Module._compile (module.js:616:28)\n    at Object.Module._extensions..js (module.js:663:10)\n    at Module.load (module.js:565:32)\n    at tryModuleLoad (module.js:505:12)\n    at Function.Module._load (module.js:497:3)\n    at Module.require (module.js:596:17)\n    at require (internal/module.js:11:18)\n    at Object.<anonymous> (F:\\agrofresh\\urls\\profile.js:5:20)\n    at Module._compile (module.js:652:30)\n    at Object.Module._extensions..js (module.js:663:10)\n    at Module.load (module.js:565:32)\n    at tryModuleLoad (module.js:505:12)\n    at Function.Module._load (module.js:497:3)\n    at Module.require (module.js:596:17)","exception":true,"date":"Wed Mar 20 2019 15:24:54 GMT+0530 (India Standard Time)","process":{"pid":7580,"uid":null,"gid":null,"cwd":"F:\\agrofresh","execPath":"C:\\Program Files\\nodejs\\node.exe","version":"v8.11.3","argv":["C:\\Program Files\\nodejs\\node.exe","F:\\agrofresh\\bin\\www"],"memoryUsage":{"rss":58695680,"heapTotal":39759872,"heapUsed":25650592,"external":19037375}},"os":{"loadavg":[0,0,0],"uptime":171108.1119008},"trace":[{"column":10,"file":"vm.js","function":"createScript","line":80,"method":null,"native":false},{"column":10,"file":"vm.js","function":"Object.runInThisContext","line":139,"method":"runInThisContext","native":false},{"column":28,"file":"module.js","function":"Module._compile","line":616,"method":"_compile","native":false},{"column":10,"file":"module.js","function":"Module._extensions..js","line":663,"method":".js","native":false},{"column":32,"file":"module.js","function":"Module.load","line":565,"method":"load","native":false},{"column":12,"file":"module.js","function":"tryModuleLoad","line":505,"method":null,"native":false},{"column":3,"file":"module.js","function":"Module._load","line":497,"method":"_load","native":false},{"column":17,"file":"module.js","function":"Module.require","line":596,"method":"require","native":false},{"column":18,"file":"internal/module.js","function":"require","line":11,"method":null,"native":false},{"column":20,"file":"F:\\agrofresh\\urls\\profile.js","function":null,"line":5,"method":null,"native":false},{"column":30,"file":"module.js","function":"Module._compile","line":652,"method":"_compile","native":false},{"column":10,"file":"module.js","function":"Module._extensions..js","line":663,"method":".js","native":false},{"column":32,"file":"module.js","function":"Module.load","line":565,"method":"load","native":false},{"column":12,"file":"module.js","function":"tryModuleLoad","line":505,"method":null,"native":false},{"column":3,"file":"module.js","function":"Module._load","line":497,"method":"_load","native":false},{"column":17,"file":"module.js","function":"Module.require","line":596,"method":"require","native":false}]}
error: uncaughtException: Missing catch or finally after try
F:\agrofresh\controllers\profile.js:37
    }
    ^

SyntaxError: Missing catch or finally after try
    at createScript (vm.js:80:10)
    at Object.runInThisContext (vm.js:139:10)
    at Module._compile (module.js:616:28)
    at Object.Module._extensions..js (module.js:663:10)
    at Module.load (module.js:565:32)
    at tryModuleLoad (module.js:505:12)
    at Function.Module._load (module.js:497:3)
    at Module.require (module.js:596:17)
    at require (internal/module.js:11:18)
    at Object.<anonymous> (F:\agrofresh\urls\profile.js:5:20)
    at Module._compile (module.js:652:30)
    at Object.Module._extensions..js (module.js:663:10)
    at Module.load (module.js:565:32)
    at tryModuleLoad (module.js:505:12)
    at Function.Module._load (module.js:497:3)
    at Module.require (module.js:596:17) {"error":{},"stack":"F:\\agrofresh\\controllers\\profile.js:37\n    }\n    ^\n\nSyntaxError: Missing catch or finally after try\n    at createScript (vm.js:80:10)\n    at Object.runInThisContext (vm.js:139:10)\n    at Module._compile (module.js:616:28)\n    at Object.Module._extensions..js (module.js:663:10)\n    at Module.load (module.js:565:32)\n    at tryModuleLoad (module.js:505:12)\n    at Function.Module._load (module.js:497:3)\n    at Module.require (module.js:596:17)\n    at require (internal/module.js:11:18)\n    at Object.<anonymous> (F:\\agrofresh\\urls\\profile.js:5:20)\n    at Module._compile (module.js:652:30)\n    at Object.Module._extensions..js (module.js:663:10)\n    at Module.load (module.js:565:32)\n    at tryModuleLoad (module.js:505:12)\n    at Function.Module._load (module.js:497:3)\n    at Module.require (module.js:596:17)","exception":true,"date":"Wed Mar 20 2019 15:27:34 GMT+0530 (India Standard Time)","process":{"pid":8304,"uid":null,"gid":null,"cwd":"F:\\agrofresh","execPath":"C:\\Program Files\\nodejs\\node.exe","version":"v8.11.3","argv":["C:\\Program Files\\nodejs\\node.exe","F:\\agrofresh\\bin\\www"],"memoryUsage":{"rss":58470400,"heapTotal":39759872,"heapUsed":25792328,"external":19063528}},"os":{"loadavg":[0,0,0],"uptime":171268.2147974},"trace":[{"column":10,"file":"vm.js","function":"createScript","line":80,"method":null,"native":false},{"column":10,"file":"vm.js","function":"Object.runInThisContext","line":139,"method":"runInThisContext","native":false},{"column":28,"file":"module.js","function":"Module._compile","line":616,"method":"_compile","native":false},{"column":10,"file":"module.js","function":"Module._extensions..js","line":663,"method":".js","native":false},{"column":32,"file":"module.js","function":"Module.load","line":565,"method":"load","native":false},{"column":12,"file":"module.js","function":"tryModuleLoad","line":505,"method":null,"native":false},{"column":3,"file":"module.js","function":"Module._load","line":497,"method":"_load","native":false},{"column":17,"file":"module.js","function":"Module.require","line":596,"method":"require","native":false},{"column":18,"file":"internal/module.js","function":"require","line":11,"method":null,"native":false},{"column":20,"file":"F:\\agrofresh\\urls\\profile.js","function":null,"line":5,"method":null,"native":false},{"column":30,"file":"module.js","function":"Module._compile","line":652,"method":"_compile","native":false},{"column":10,"file":"module.js","function":"Module._extensions..js","line":663,"method":".js","native":false},{"column":32,"file":"module.js","function":"Module.load","line":565,"method":"load","native":false},{"column":12,"file":"module.js","function":"tryModuleLoad","line":505,"method":null,"native":false},{"column":3,"file":"module.js","function":"Module._load","line":497,"method":"_load","native":false},{"column":17,"file":"module.js","function":"Module.require","line":596,"method":"require","native":false}]}
error: uncaughtException: Missing catch or finally after try
F:\agrofresh\controllers\profile.js:37
    }
    ^

SyntaxError: Missing catch or finally after try
    at createScript (vm.js:80:10)
    at Object.runInThisContext (vm.js:139:10)
    at Module._compile (module.js:616:28)
    at Object.Module._extensions..js (module.js:663:10)
    at Module.load (module.js:565:32)
    at tryModuleLoad (module.js:505:12)
    at Function.Module._load (module.js:497:3)
    at Module.require (module.js:596:17)
    at require (internal/module.js:11:18)
    at Object.<anonymous> (F:\agrofresh\urls\profile.js:5:20)
    at Module._compile (module.js:652:30)
    at Object.Module._extensions..js (module.js:663:10)
    at Module.load (module.js:565:32)
    at tryModuleLoad (module.js:505:12)
    at Function.Module._load (module.js:497:3)
    at Module.require (module.js:596:17) {"error":{},"stack":"F:\\agrofresh\\controllers\\profile.js:37\n    }\n    ^\n\nSyntaxError: Missing catch or finally after try\n    at createScript (vm.js:80:10)\n    at Object.runInThisContext (vm.js:139:10)\n    at Module._compile (module.js:616:28)\n    at Object.Module._extensions..js (module.js:663:10)\n    at Module.load (module.js:565:32)\n    at tryModuleLoad (module.js:505:12)\n    at Function.Module._load (module.js:497:3)\n    at Module.require (module.js:596:17)\n    at require (internal/module.js:11:18)\n    at Object.<anonymous> (F:\\agrofresh\\urls\\profile.js:5:20)\n    at Module._compile (module.js:652:30)\n    at Object.Module._extensions..js (module.js:663:10)\n    at Module.load (module.js:565:32)\n    at tryModuleLoad (module.js:505:12)\n    at Function.Module._load (module.js:497:3)\n    at Module.require (module.js:596:17)","exception":true,"date":"Wed Mar 20 2019 15:29:44 GMT+0530 (India Standard Time)","process":{"pid":8376,"uid":null,"gid":null,"cwd":"F:\\agrofresh","execPath":"C:\\Program Files\\nodejs\\node.exe","version":"v8.11.3","argv":["C:\\Program Files\\nodejs\\node.exe","F:\\agrofresh\\bin\\www"],"memoryUsage":{"rss":59187200,"heapTotal":40284160,"heapUsed":25951240,"external":19079912}},"os":{"loadavg":[0,0,0],"uptime":171398.148845},"trace":[{"column":10,"file":"vm.js","function":"createScript","line":80,"method":null,"native":false},{"column":10,"file":"vm.js","function":"Object.runInThisContext","line":139,"method":"runInThisContext","native":false},{"column":28,"file":"module.js","function":"Module._compile","line":616,"method":"_compile","native":false},{"column":10,"file":"module.js","function":"Module._extensions..js","line":663,"method":".js","native":false},{"column":32,"file":"module.js","function":"Module.load","line":565,"method":"load","native":false},{"column":12,"file":"module.js","function":"tryModuleLoad","line":505,"method":null,"native":false},{"column":3,"file":"module.js","function":"Module._load","line":497,"method":"_load","native":false},{"column":17,"file":"module.js","function":"Module.require","line":596,"method":"require","native":false},{"column":18,"file":"internal/module.js","function":"require","line":11,"method":null,"native":false},{"column":20,"file":"F:\\agrofresh\\urls\\profile.js","function":null,"line":5,"method":null,"native":false},{"column":30,"file":"module.js","function":"Module._compile","line":652,"method":"_compile","native":false},{"column":10,"file":"module.js","function":"Module._extensions..js","line":663,"method":".js","native":false},{"column":32,"file":"module.js","function":"Module.load","line":565,"method":"load","native":false},{"column":12,"file":"module.js","function":"tryModuleLoad","line":505,"method":null,"native":false},{"column":3,"file":"module.js","function":"Module._load","line":497,"method":"_load","native":false},{"column":17,"file":"module.js","function":"Module.require","line":596,"method":"require","native":false}]}
error: uncaughtException: Missing catch or finally after try
F:\agrofresh\controllers\profile.js:38
    }
    ^

SyntaxError: Missing catch or finally after try
    at createScript (vm.js:80:10)
    at Object.runInThisContext (vm.js:139:10)
    at Module._compile (module.js:616:28)
    at Object.Module._extensions..js (module.js:663:10)
    at Module.load (module.js:565:32)
    at tryModuleLoad (module.js:505:12)
    at Function.Module._load (module.js:497:3)
    at Module.require (module.js:596:17)
    at require (internal/module.js:11:18)
    at Object.<anonymous> (F:\agrofresh\urls\profile.js:5:20)
    at Module._compile (module.js:652:30)
    at Object.Module._extensions..js (module.js:663:10)
    at Module.load (module.js:565:32)
    at tryModuleLoad (module.js:505:12)
    at Function.Module._load (module.js:497:3)
    at Module.require (module.js:596:17) {"error":{},"stack":"F:\\agrofresh\\controllers\\profile.js:38\n    }\n    ^\n\nSyntaxError: Missing catch or finally after try\n    at createScript (vm.js:80:10)\n    at Object.runInThisContext (vm.js:139:10)\n    at Module._compile (module.js:616:28)\n    at Object.Module._extensions..js (module.js:663:10)\n    at Module.load (module.js:565:32)\n    at tryModuleLoad (module.js:505:12)\n    at Function.Module._load (module.js:497:3)\n    at Module.require (module.js:596:17)\n    at require (internal/module.js:11:18)\n    at Object.<anonymous> (F:\\agrofresh\\urls\\profile.js:5:20)\n    at Module._compile (module.js:652:30)\n    at Object.Module._extensions..js (module.js:663:10)\n    at Module.load (module.js:565:32)\n    at tryModuleLoad (module.js:505:12)\n    at Function.Module._load (module.js:497:3)\n    at Module.require (module.js:596:17)","exception":true,"date":"Wed Mar 20 2019 15:30:55 GMT+0530 (India Standard Time)","process":{"pid":9056,"uid":null,"gid":null,"cwd":"F:\\agrofresh","execPath":"C:\\Program Files\\nodejs\\node.exe","version":"v8.11.3","argv":["C:\\Program Files\\nodejs\\node.exe","F:\\agrofresh\\bin\\www"],"memoryUsage":{"rss":58490880,"heapTotal":39759872,"heapUsed":25788272,"external":19071720}},"os":{"loadavg":[0,0,0],"uptime":171469.2319727},"trace":[{"column":10,"file":"vm.js","function":"createScript","line":80,"method":null,"native":false},{"column":10,"file":"vm.js","function":"Object.runInThisContext","line":139,"method":"runInThisContext","native":false},{"column":28,"file":"module.js","function":"Module._compile","line":616,"method":"_compile","native":false},{"column":10,"file":"module.js","function":"Module._extensions..js","line":663,"method":".js","native":false},{"column":32,"file":"module.js","function":"Module.load","line":565,"method":"load","native":false},{"column":12,"file":"module.js","function":"tryModuleLoad","line":505,"method":null,"native":false},{"column":3,"file":"module.js","function":"Module._load","line":497,"method":"_load","native":false},{"column":17,"file":"module.js","function":"Module.require","line":596,"method":"require","native":false},{"column":18,"file":"internal/module.js","function":"require","line":11,"method":null,"native":false},{"column":20,"file":"F:\\agrofresh\\urls\\profile.js","function":null,"line":5,"method":null,"native":false},{"column":30,"file":"module.js","function":"Module._compile","line":652,"method":"_compile","native":false},{"column":10,"file":"module.js","function":"Module._extensions..js","line":663,"method":".js","native":false},{"column":32,"file":"module.js","function":"Module.load","line":565,"method":"load","native":false},{"column":12,"file":"module.js","function":"tryModuleLoad","line":505,"method":null,"native":false},{"column":3,"file":"module.js","function":"Module._load","line":497,"method":"_load","native":false},{"column":17,"file":"module.js","function":"Module.require","line":596,"method":"require","native":false}]}
error: undefined
error: price is not defined
error: items is not defined
error: E11000 duplicate key error collection: Agrofresh.farmers index: email_1 dup key: { : null }
error: Item validation failed: expire: Cast to Date failed for value "20/4/19" at path "expire" {"errors":{"expire":{"message":"Cast to Date failed for value \"20/4/19\" at path \"expire\"","name":"CastError","stringValue":"\"20/4/19\"","kind":"Date","value":"20/4/19","path":"expire","reason":{"message":"Cast to date failed for value \"20/4/19\" at path \"expire\"","name":"CastError","stringValue":"\"20/4/19\"","kind":"date","value":"20/4/19","path":"expire"}}},"_message":"Item validation failed","name":"ValidationError"}
error: Item validation failed: expire: Cast to Date failed for value "20/4/19" at path "expire" {"errors":{"expire":{"message":"Cast to Date failed for value \"20/4/19\" at path \"expire\"","name":"CastError","stringValue":"\"20/4/19\"","kind":"Date","value":"20/4/19","path":"expire","reason":{"message":"Cast to date failed for value \"20/4/19\" at path \"expire\"","name":"CastError","stringValue":"\"20/4/19\"","kind":"date","value":"20/4/19","path":"expire"}}},"_message":"Item validation failed","name":"ValidationError"}
error: Item validation failed: expire: Cast to Date failed for value "20/04/2019" at path "expire" {"errors":{"expire":{"message":"Cast to Date failed for value \"20/04/2019\" at path \"expire\"","name":"CastError","stringValue":"\"20/04/2019\"","kind":"Date","value":"20/04/2019","path":"expire","reason":{"message":"Cast to date failed for value \"20/04/2019\" at path \"expire\"","name":"CastError","stringValue":"\"20/04/2019\"","kind":"date","value":"20/04/2019","path":"expire"}}},"_message":"Item validation failed","name":"ValidationError"}
error: Item validation failed: expire: Cast to Date failed for value "30-3-2019" at path "expire" {"errors":{"expire":{"message":"Cast to Date failed for value \"30-3-2019\" at path \"expire\"","name":"CastError","stringValue":"\"30-3-2019\"","kind":"Date","value":"30-3-2019","path":"expire","reason":{"message":"Cast to date failed for value \"30-3-2019\" at path \"expire\"","name":"CastError","stringValue":"\"30-3-2019\"","kind":"date","value":"30-3-2019","path":"expire"}}},"_message":"Item validation failed","name":"ValidationError"}
error: Item validation failed: expire: Cast to Date failed for value "25-03-2019" at path "expire" {"errors":{"expire":{"message":"Cast to Date failed for value \"25-03-2019\" at path \"expire\"","name":"CastError","stringValue":"\"25-03-2019\"","kind":"Date","value":"25-03-2019","path":"expire","reason":{"message":"Cast to date failed for value \"25-03-2019\" at path \"expire\"","name":"CastError","stringValue":"\"25-03-2019\"","kind":"date","value":"25-03-2019","path":"expire"}}},"_message":"Item validation failed","name":"ValidationError"}
error: Item validation failed: expire: Cast to Date failed for value "25-03-2019" at path "expire" {"errors":{"expire":{"message":"Cast to Date failed for value \"25-03-2019\" at path \"expire\"","name":"CastError","stringValue":"\"25-03-2019\"","kind":"Date","value":"25-03-2019","path":"expire","reason":{"message":"Cast to date failed for value \"25-03-2019\" at path \"expire\"","name":"CastError","stringValue":"\"25-03-2019\"","kind":"date","value":"25-03-2019","path":"expire"}}},"_message":"Item validation failed","name":"ValidationError"}
error: Item validation failed: item: Cast to ObjectID failed for value "Pineapple" at path "item" {"errors":{"item":{"message":"Cast to ObjectID failed for value \"Pineapple\" at path \"item\"","name":"CastError","stringValue":"\"Pineapple\"","kind":"ObjectID","value":"Pineapple","path":"item","reason":{"message":"Cast to ObjectId failed for value \"Pineapple\" at path \"item\"","name":"CastError","stringValue":"\"Pineapple\"","kind":"ObjectId","value":"Pineapple","path":"item"}}},"_message":"Item validation failed","name":"ValidationError"}
error: Item validation failed: item: Cast to ObjectID failed for value "Pineapple" at path "item" {"errors":{"item":{"message":"Cast to ObjectID failed for value \"Pineapple\" at path \"item\"","name":"CastError","stringValue":"\"Pineapple\"","kind":"ObjectID","value":"Pineapple","path":"item","reason":{"message":"Cast to ObjectId failed for value \"Pineapple\" at path \"item\"","name":"CastError","stringValue":"\"Pineapple\"","kind":"ObjectId","value":"Pineapple","path":"item"}}},"_message":"Item validation failed","name":"ValidationError"}
error: Cannot read property 'qty' of null
error: Cannot read property 'qty' of null
error: Cannot read property 'qty' of null
error: Farmer validation failed: pincode: Path `pincode` is required.
error: item is not defined ReferenceError: item is not defined
    at Object.getItemDesc (F:\agrofresh\controllers\item.js:33:19)
    at <anonymous> {"meta":{}}
error: uncaughtException: Unexpected token }
F:\agrofresh\controllers\item.js:32
        });
        ^

SyntaxError: Unexpected token }
    at createScript (vm.js:80:10)
    at Object.runInThisContext (vm.js:139:10)
    at Module._compile (module.js:616:28)
    at Object.Module._extensions..js (module.js:663:10)
    at Module.load (module.js:565:32)
    at tryModuleLoad (module.js:505:12)
    at Function.Module._load (module.js:497:3)
    at Module.require (module.js:596:17)
    at require (internal/module.js:11:18)
    at Object.<anonymous> (F:\agrofresh\urls\item.js:5:20)
    at Module._compile (module.js:652:30)
    at Object.Module._extensions..js (module.js:663:10)
    at Module.load (module.js:565:32)
    at tryModuleLoad (module.js:505:12)
    at Function.Module._load (module.js:497:3)
    at Module.require (module.js:596:17) {"error":{},"stack":"F:\\agrofresh\\controllers\\item.js:32\n        });\n        ^\n\nSyntaxError: Unexpected token }\n    at createScript (vm.js:80:10)\n    at Object.runInThisContext (vm.js:139:10)\n    at Module._compile (module.js:616:28)\n    at Object.Module._extensions..js (module.js:663:10)\n    at Module.load (module.js:565:32)\n    at tryModuleLoad (module.js:505:12)\n    at Function.Module._load (module.js:497:3)\n    at Module.require (module.js:596:17)\n    at require (internal/module.js:11:18)\n    at Object.<anonymous> (F:\\agrofresh\\urls\\item.js:5:20)\n    at Module._compile (module.js:652:30)\n    at Object.Module._extensions..js (module.js:663:10)\n    at Module.load (module.js:565:32)\n    at tryModuleLoad (module.js:505:12)\n    at Function.Module._load (module.js:497:3)\n    at Module.require (module.js:596:17)","exception":true,"date":"Thu Apr 04 2019 15:25:39 GMT+0530 (India Standard Time)","process":{"pid":3320,"uid":null,"gid":null,"cwd":"F:\\agrofresh","execPath":"C:\\Program Files\\nodejs\\node.exe","version":"v8.11.3","argv":["C:\\Program Files\\nodejs\\node.exe","F:\\agrofresh\\bin\\www"],"memoryUsage":{"rss":58679296,"heapTotal":39759872,"heapUsed":25769544,"external":19063528}},"os":{"loadavg":[0,0,0],"uptime":1467152.7514466},"trace":[{"column":10,"file":"vm.js","function":"createScript","line":80,"method":null,"native":false},{"column":10,"file":"vm.js","function":"Object.runInThisContext","line":139,"method":"runInThisContext","native":false},{"column":28,"file":"module.js","function":"Module._compile","line":616,"method":"_compile","native":false},{"column":10,"file":"module.js","function":"Module._extensions..js","line":663,"method":".js","native":false},{"column":32,"file":"module.js","function":"Module.load","line":565,"method":"load","native":false},{"column":12,"file":"module.js","function":"tryModuleLoad","line":505,"method":null,"native":false},{"column":3,"file":"module.js","function":"Module._load","line":497,"method":"_load","native":false},{"column":17,"file":"module.js","function":"Module.require","line":596,"method":"require","native":false},{"column":18,"file":"internal/module.js","function":"require","line":11,"method":null,"native":false},{"column":20,"file":"F:\\agrofresh\\urls\\item.js","function":null,"line":5,"method":null,"native":false},{"column":30,"file":"module.js","function":"Module._compile","line":652,"method":"_compile","native":false},{"column":10,"file":"module.js","function":"Module._extensions..js","line":663,"method":".js","native":false},{"column":32,"file":"module.js","function":"Module.load","line":565,"method":"load","native":false},{"column":12,"file":"module.js","function":"tryModuleLoad","line":505,"method":null,"native":false},{"column":3,"file":"module.js","function":"Module._load","line":497,"method":"_load","native":false},{"column":17,"file":"module.js","function":"Module.require","line":596,"method":"require","native":false}]}
error: uncaughtException: Unexpected token }
F:\agrofresh\controllers\item.js:34
        });
        ^

SyntaxError: Unexpected token }
    at createScript (vm.js:80:10)
    at Object.runInThisContext (vm.js:139:10)
    at Module._compile (module.js:616:28)
    at Object.Module._extensions..js (module.js:663:10)
    at Module.load (module.js:565:32)
    at tryModuleLoad (module.js:505:12)
    at Function.Module._load (module.js:497:3)
    at Module.require (module.js:596:17)
    at require (internal/module.js:11:18)
    at Object.<anonymous> (F:\agrofresh\urls\item.js:5:20)
    at Module._compile (module.js:652:30)
    at Object.Module._extensions..js (module.js:663:10)
    at Module.load (module.js:565:32)
    at tryModuleLoad (module.js:505:12)
    at Function.Module._load (module.js:497:3)
    at Module.require (module.js:596:17) {"error":{},"stack":"F:\\agrofresh\\controllers\\item.js:34\n        });\n        ^\n\nSyntaxError: Unexpected token }\n    at createScript (vm.js:80:10)\n    at Object.runInThisContext (vm.js:139:10)\n    at Module._compile (module.js:616:28)\n    at Object.Module._extensions..js (module.js:663:10)\n    at Module.load (module.js:565:32)\n    at tryModuleLoad (module.js:505:12)\n    at Function.Module._load (module.js:497:3)\n    at Module.require (module.js:596:17)\n    at require (internal/module.js:11:18)\n    at Object.<anonymous> (F:\\agrofresh\\urls\\item.js:5:20)\n    at Module._compile (module.js:652:30)\n    at Object.Module._extensions..js (module.js:663:10)\n    at Module.load (module.js:565:32)\n    at tryModuleLoad (module.js:505:12)\n    at Function.Module._load (module.js:497:3)\n    at Module.require (module.js:596:17)","exception":true,"date":"Thu Apr 04 2019 15:27:08 GMT+0530 (India Standard Time)","process":{"pid":620,"uid":null,"gid":null,"cwd":"F:\\agrofresh","execPath":"C:\\Program Files\\nodejs\\node.exe","version":"v8.11.3","argv":["C:\\Program Files\\nodejs\\node.exe","F:\\agrofresh\\bin\\www"],"memoryUsage":{"rss":58314752,"heapTotal":40284160,"heapUsed":25955336,"external":19071720}},"os":{"loadavg":[0,0,0],"uptime":1467241.957286},"trace":[{"column":10,"file":"vm.js","function":"createScript","line":80,"method":null,"native":false},{"column":10,"file":"vm.js","function":"Object.runInThisContext","line":139,"method":"runInThisContext","native":false},{"column":28,"file":"module.js","function":"Module._compile","line":616,"method":"_compile","native":false},{"column":10,"file":"module.js","function":"Module._extensions..js","line":663,"method":".js","native":false},{"column":32,"file":"module.js","function":"Module.load","line":565,"method":"load","native":false},{"column":12,"file":"module.js","function":"tryModuleLoad","line":505,"method":null,"native":false},{"column":3,"file":"module.js","function":"Module._load","line":497,"method":"_load","native":false},{"column":17,"file":"module.js","function":"Module.require","line":596,"method":"require","native":false},{"column":18,"file":"internal/module.js","function":"require","line":11,"method":null,"native":false},{"column":20,"file":"F:\\agrofresh\\urls\\item.js","function":null,"line":5,"method":null,"native":false},{"column":30,"file":"module.js","function":"Module._compile","line":652,"method":"_compile","native":false},{"column":10,"file":"module.js","function":"Module._extensions..js","line":663,"method":".js","native":false},{"column":32,"file":"module.js","function":"Module.load","line":565,"method":"load","native":false},{"column":12,"file":"module.js","function":"tryModuleLoad","line":505,"method":null,"native":false},{"column":3,"file":"module.js","function":"Module._load","line":497,"method":"_load","native":false},{"column":17,"file":"module.js","function":"Module.require","line":596,"method":"require","native":false}]}
error: uncaughtException: Unexpected token }
F:\agrofresh\controllers\item.js:33
        });
        ^

SyntaxError: Unexpected token }
    at createScript (vm.js:80:10)
    at Object.runInThisContext (vm.js:139:10)
    at Module._compile (module.js:616:28)
    at Object.Module._extensions..js (module.js:663:10)
    at Module.load (module.js:565:32)
    at tryModuleLoad (module.js:505:12)
    at Function.Module._load (module.js:497:3)
    at Module.require (module.js:596:17)
    at require (internal/module.js:11:18)
    at Object.<anonymous> (F:\agrofresh\urls\item.js:5:20)
    at Module._compile (module.js:652:30)
    at Object.Module._extensions..js (module.js:663:10)
    at Module.load (module.js:565:32)
    at tryModuleLoad (module.js:505:12)
    at Function.Module._load (module.js:497:3)
    at Module.require (module.js:596:17) {"error":{},"stack":"F:\\agrofresh\\controllers\\item.js:33\n        });\n        ^\n\nSyntaxError: Unexpected token }\n    at createScript (vm.js:80:10)\n    at Object.runInThisContext (vm.js:139:10)\n    at Module._compile (module.js:616:28)\n    at Object.Module._extensions..js (module.js:663:10)\n    at Module.load (module.js:565:32)\n    at tryModuleLoad (module.js:505:12)\n    at Function.Module._load (module.js:497:3)\n    at Module.require (module.js:596:17)\n    at require (internal/module.js:11:18)\n    at Object.<anonymous> (F:\\agrofresh\\urls\\item.js:5:20)\n    at Module._compile (module.js:652:30)\n    at Object.Module._extensions..js (module.js:663:10)\n    at Module.load (module.js:565:32)\n    at tryModuleLoad (module.js:505:12)\n    at Function.Module._load (module.js:497:3)\n    at Module.require (module.js:596:17)","exception":true,"date":"Thu Apr 04 2019 15:27:38 GMT+0530 (India Standard Time)","process":{"pid":8864,"uid":null,"gid":null,"cwd":"F:\\agrofresh","execPath":"C:\\Program Files\\nodejs\\node.exe","version":"v8.11.3","argv":["C:\\Program Files\\nodejs\\node.exe","F:\\agrofresh\\bin\\www"],"memoryUsage":{"rss":58359808,"heapTotal":39759872,"heapUsed":26161432,"external":19089692}},"os":{"loadavg":[0,0,0],"uptime":1467272.0816143},"trace":[{"column":10,"file":"vm.js","function":"createScript","line":80,"method":null,"native":false},{"column":10,"file":"vm.js","function":"Object.runInThisContext","line":139,"method":"runInThisContext","native":false},{"column":28,"file":"module.js","function":"Module._compile","line":616,"method":"_compile","native":false},{"column":10,"file":"module.js","function":"Module._extensions..js","line":663,"method":".js","native":false},{"column":32,"file":"module.js","function":"Module.load","line":565,"method":"load","native":false},{"column":12,"file":"module.js","function":"tryModuleLoad","line":505,"method":null,"native":false},{"column":3,"file":"module.js","function":"Module._load","line":497,"method":"_load","native":false},{"column":17,"file":"module.js","function":"Module.require","line":596,"method":"require","native":false},{"column":18,"file":"internal/module.js","function":"require","line":11,"method":null,"native":false},{"column":20,"file":"F:\\agrofresh\\urls\\item.js","function":null,"line":5,"method":null,"native":false},{"column":30,"file":"module.js","function":"Module._compile","line":652,"method":"_compile","native":false},{"column":10,"file":"module.js","function":"Module._extensions..js","line":663,"method":".js","native":false},{"column":32,"file":"module.js","function":"Module.load","line":565,"method":"load","native":false},{"column":12,"file":"module.js","function":"tryModuleLoad","line":505,"method":null,"native":false},{"column":3,"file":"module.js","function":"Module._load","line":497,"method":"_load","native":false},{"column":17,"file":"module.js","function":"Module.require","line":596,"method":"require","native":false}]}
error: item is not defined ReferenceError: item is not defined
    at Object.getItemDesc (F:\agrofresh\controllers\item.js:32:19)
    at <anonymous> {"meta":{}}
